[0.387s] DEBUG:colcon:Command line arguments: ['/usr/bin/colcon', 'build']
[0.387s] DEBUG:colcon:Parsed command line arguments: Namespace(log_base=None, log_level=None, verb_name='build', build_base='build', install_base='install', merge_install=False, symlink_install=False, test_result_base=None, continue_on_error=False, executor='parallel', parallel_workers=8, event_handlers=None, ignore_user_meta=False, metas=['./colcon.meta'], base_paths=['.'], packages_ignore=None, packages_ignore_regex=None, paths=None, packages_up_to=None, packages_up_to_regex=None, packages_above=None, packages_above_and_dependencies=None, packages_above_depth=None, packages_select_by_dep=None, packages_skip_by_dep=None, packages_skip_up_to=None, packages_select_build_failed=False, packages_skip_build_finished=False, packages_select_test_failures=False, packages_skip_test_passed=False, packages_select=None, packages_skip=None, packages_select_regex=None, packages_skip_regex=None, packages_start=None, packages_end=None, allow_overriding=[], cmake_args=None, cmake_target=None, cmake_target_skip_unavailable=False, cmake_clean_cache=False, cmake_clean_first=False, cmake_force_configure=False, ament_cmake_args=None, catkin_cmake_args=None, catkin_skip_building_tests=False, mixin_files=None, mixin=None, verb_parser=<colcon_mixin.mixin.mixin_argument.MixinArgumentDecorator object at 0x73cb42930460>, verb_extension=<colcon_core.verb.build.BuildVerb object at 0x73cb42a79180>, main=<bound method BuildVerb.main of <colcon_core.verb.build.BuildVerb object at 0x73cb42a79180>>, mixin_verb=('build',))
[0.587s] Level 1:colcon.colcon_core.package_discovery:discover_packages(colcon_meta) check parameters
[0.588s] Level 1:colcon.colcon_core.package_discovery:discover_packages(recursive) check parameters
[0.588s] Level 1:colcon.colcon_core.package_discovery:discover_packages(ignore) check parameters
[0.588s] Level 1:colcon.colcon_core.package_discovery:discover_packages(path) check parameters
[0.588s] Level 1:colcon.colcon_core.package_discovery:discover_packages(colcon_meta) discover
[0.588s] Level 1:colcon.colcon_core.package_discovery:discover_packages(recursive) discover
[0.588s] INFO:colcon.colcon_core.package_discovery:Crawling recursively for packages in '/home/zaynap/maze_with_car-model/maze_robot'
[0.588s] Level 1:colcon.colcon_core.package_identification:_identify(.) by extensions ['ignore', 'ignore_ament_install']
[0.588s] Level 1:colcon.colcon_core.package_identification:_identify(.) by extension 'ignore'
[0.588s] Level 1:colcon.colcon_core.package_identification:_identify(.) by extension 'ignore_ament_install'
[0.588s] Level 1:colcon.colcon_core.package_identification:_identify(.) by extensions ['colcon_pkg']
[0.588s] Level 1:colcon.colcon_core.package_identification:_identify(.) by extension 'colcon_pkg'
[0.588s] Level 1:colcon.colcon_core.package_identification:_identify(.) by extensions ['colcon_meta']
[0.588s] Level 1:colcon.colcon_core.package_identification:_identify(.) by extension 'colcon_meta'
[0.588s] Level 1:colcon.colcon_core.package_identification:_identify(.) by extensions ['ros']
[0.588s] Level 1:colcon.colcon_core.package_identification:_identify(.) by extension 'ros'
[0.620s] Level 1:colcon.colcon_core.package_identification:_identify(.) by extensions ['cmake', 'python']
[0.620s] Level 1:colcon.colcon_core.package_identification:_identify(.) by extension 'cmake'
[0.620s] Level 1:colcon.colcon_core.package_identification:_identify(.) by extension 'python'
[0.620s] Level 1:colcon.colcon_core.package_identification:_identify(.) by extensions ['python_setup_py']
[0.620s] Level 1:colcon.colcon_core.package_identification:_identify(.) by extension 'python_setup_py'
[0.620s] Level 1:colcon.colcon_core.package_identification:_identify(build) by extensions ['ignore', 'ignore_ament_install']
[0.620s] Level 1:colcon.colcon_core.package_identification:_identify(build) by extension 'ignore'
[0.620s] Level 1:colcon.colcon_core.package_identification:_identify(build) ignored
[0.621s] Level 1:colcon.colcon_core.package_identification:_identify(install) by extensions ['ignore', 'ignore_ament_install']
[0.621s] Level 1:colcon.colcon_core.package_identification:_identify(install) by extension 'ignore'
[0.621s] Level 1:colcon.colcon_core.package_identification:_identify(install) ignored
[0.621s] Level 1:colcon.colcon_core.package_identification:_identify(log) by extensions ['ignore', 'ignore_ament_install']
[0.621s] Level 1:colcon.colcon_core.package_identification:_identify(log) by extension 'ignore'
[0.621s] Level 1:colcon.colcon_core.package_identification:_identify(log) ignored
[0.621s] Level 1:colcon.colcon_core.package_identification:_identify(maze) by extensions ['ignore', 'ignore_ament_install']
[0.621s] Level 1:colcon.colcon_core.package_identification:_identify(maze) by extension 'ignore'
[0.621s] Level 1:colcon.colcon_core.package_identification:_identify(maze) by extension 'ignore_ament_install'
[0.621s] Level 1:colcon.colcon_core.package_identification:_identify(maze) by extensions ['colcon_pkg']
[0.621s] Level 1:colcon.colcon_core.package_identification:_identify(maze) by extension 'colcon_pkg'
[0.621s] Level 1:colcon.colcon_core.package_identification:_identify(maze) by extensions ['colcon_meta']
[0.621s] Level 1:colcon.colcon_core.package_identification:_identify(maze) by extension 'colcon_meta'
[0.621s] Level 1:colcon.colcon_core.package_identification:_identify(maze) by extensions ['ros']
[0.622s] Level 1:colcon.colcon_core.package_identification:_identify(maze) by extension 'ros'
[0.622s] Level 1:colcon.colcon_core.package_identification:_identify(maze) by extensions ['cmake', 'python']
[0.622s] Level 1:colcon.colcon_core.package_identification:_identify(maze) by extension 'cmake'
[0.622s] Level 1:colcon.colcon_core.package_identification:_identify(maze) by extension 'python'
[0.622s] Level 1:colcon.colcon_core.package_identification:_identify(maze) by extensions ['python_setup_py']
[0.622s] Level 1:colcon.colcon_core.package_identification:_identify(maze) by extension 'python_setup_py'
[0.622s] Level 1:colcon.colcon_core.package_identification:_identify(maze/cone) by extensions ['ignore', 'ignore_ament_install']
[0.622s] Level 1:colcon.colcon_core.package_identification:_identify(maze/cone) by extension 'ignore'
[0.622s] Level 1:colcon.colcon_core.package_identification:_identify(maze/cone) by extension 'ignore_ament_install'
[0.622s] Level 1:colcon.colcon_core.package_identification:_identify(maze/cone) by extensions ['colcon_pkg']
[0.622s] Level 1:colcon.colcon_core.package_identification:_identify(maze/cone) by extension 'colcon_pkg'
[0.622s] Level 1:colcon.colcon_core.package_identification:_identify(maze/cone) by extensions ['colcon_meta']
[0.622s] Level 1:colcon.colcon_core.package_identification:_identify(maze/cone) by extension 'colcon_meta'
[0.622s] Level 1:colcon.colcon_core.package_identification:_identify(maze/cone) by extensions ['ros']
[0.622s] Level 1:colcon.colcon_core.package_identification:_identify(maze/cone) by extension 'ros'
[0.622s] Level 1:colcon.colcon_core.package_identification:_identify(maze/cone) by extensions ['cmake', 'python']
[0.622s] Level 1:colcon.colcon_core.package_identification:_identify(maze/cone) by extension 'cmake'
[0.622s] Level 1:colcon.colcon_core.package_identification:_identify(maze/cone) by extension 'python'
[0.623s] Level 1:colcon.colcon_core.package_identification:_identify(maze/cone) by extensions ['python_setup_py']
[0.623s] Level 1:colcon.colcon_core.package_identification:_identify(maze/cone) by extension 'python_setup_py'
[0.623s] Level 1:colcon.colcon_core.package_identification:_identify(maze/plywood_panel) by extensions ['ignore', 'ignore_ament_install']
[0.623s] Level 1:colcon.colcon_core.package_identification:_identify(maze/plywood_panel) by extension 'ignore'
[0.623s] Level 1:colcon.colcon_core.package_identification:_identify(maze/plywood_panel) by extension 'ignore_ament_install'
[0.623s] Level 1:colcon.colcon_core.package_identification:_identify(maze/plywood_panel) by extensions ['colcon_pkg']
[0.623s] Level 1:colcon.colcon_core.package_identification:_identify(maze/plywood_panel) by extension 'colcon_pkg'
[0.623s] Level 1:colcon.colcon_core.package_identification:_identify(maze/plywood_panel) by extensions ['colcon_meta']
[0.623s] Level 1:colcon.colcon_core.package_identification:_identify(maze/plywood_panel) by extension 'colcon_meta'
[0.623s] Level 1:colcon.colcon_core.package_identification:_identify(maze/plywood_panel) by extensions ['ros']
[0.623s] Level 1:colcon.colcon_core.package_identification:_identify(maze/plywood_panel) by extension 'ros'
[0.623s] Level 1:colcon.colcon_core.package_identification:_identify(maze/plywood_panel) by extensions ['cmake', 'python']
[0.623s] Level 1:colcon.colcon_core.package_identification:_identify(maze/plywood_panel) by extension 'cmake'
[0.623s] Level 1:colcon.colcon_core.package_identification:_identify(maze/plywood_panel) by extension 'python'
[0.623s] Level 1:colcon.colcon_core.package_identification:_identify(maze/plywood_panel) by extensions ['python_setup_py']
[0.623s] Level 1:colcon.colcon_core.package_identification:_identify(maze/plywood_panel) by extension 'python_setup_py'
[0.623s] Level 1:colcon.colcon_core.package_identification:_identify(maze/plywood_panel/meshes) by extensions ['ignore', 'ignore_ament_install']
[0.624s] Level 1:colcon.colcon_core.package_identification:_identify(maze/plywood_panel/meshes) by extension 'ignore'
[0.624s] Level 1:colcon.colcon_core.package_identification:_identify(maze/plywood_panel/meshes) by extension 'ignore_ament_install'
[0.624s] Level 1:colcon.colcon_core.package_identification:_identify(maze/plywood_panel/meshes) by extensions ['colcon_pkg']
[0.624s] Level 1:colcon.colcon_core.package_identification:_identify(maze/plywood_panel/meshes) by extension 'colcon_pkg'
[0.624s] Level 1:colcon.colcon_core.package_identification:_identify(maze/plywood_panel/meshes) by extensions ['colcon_meta']
[0.624s] Level 1:colcon.colcon_core.package_identification:_identify(maze/plywood_panel/meshes) by extension 'colcon_meta'
[0.624s] Level 1:colcon.colcon_core.package_identification:_identify(maze/plywood_panel/meshes) by extensions ['ros']
[0.624s] Level 1:colcon.colcon_core.package_identification:_identify(maze/plywood_panel/meshes) by extension 'ros'
[0.624s] Level 1:colcon.colcon_core.package_identification:_identify(maze/plywood_panel/meshes) by extensions ['cmake', 'python']
[0.624s] Level 1:colcon.colcon_core.package_identification:_identify(maze/plywood_panel/meshes) by extension 'cmake'
[0.624s] Level 1:colcon.colcon_core.package_identification:_identify(maze/plywood_panel/meshes) by extension 'python'
[0.624s] Level 1:colcon.colcon_core.package_identification:_identify(maze/plywood_panel/meshes) by extensions ['python_setup_py']
[0.624s] Level 1:colcon.colcon_core.package_identification:_identify(maze/plywood_panel/meshes) by extension 'python_setup_py'
[0.624s] Level 1:colcon.colcon_core.package_identification:_identify(maze/plywood_panel/textures) by extensions ['ignore', 'ignore_ament_install']
[0.624s] Level 1:colcon.colcon_core.package_identification:_identify(maze/plywood_panel/textures) by extension 'ignore'
[0.624s] Level 1:colcon.colcon_core.package_identification:_identify(maze/plywood_panel/textures) by extension 'ignore_ament_install'
[0.624s] Level 1:colcon.colcon_core.package_identification:_identify(maze/plywood_panel/textures) by extensions ['colcon_pkg']
[0.624s] Level 1:colcon.colcon_core.package_identification:_identify(maze/plywood_panel/textures) by extension 'colcon_pkg'
[0.624s] Level 1:colcon.colcon_core.package_identification:_identify(maze/plywood_panel/textures) by extensions ['colcon_meta']
[0.625s] Level 1:colcon.colcon_core.package_identification:_identify(maze/plywood_panel/textures) by extension 'colcon_meta'
[0.625s] Level 1:colcon.colcon_core.package_identification:_identify(maze/plywood_panel/textures) by extensions ['ros']
[0.625s] Level 1:colcon.colcon_core.package_identification:_identify(maze/plywood_panel/textures) by extension 'ros'
[0.625s] Level 1:colcon.colcon_core.package_identification:_identify(maze/plywood_panel/textures) by extensions ['cmake', 'python']
[0.625s] Level 1:colcon.colcon_core.package_identification:_identify(maze/plywood_panel/textures) by extension 'cmake'
[0.625s] Level 1:colcon.colcon_core.package_identification:_identify(maze/plywood_panel/textures) by extension 'python'
[0.625s] Level 1:colcon.colcon_core.package_identification:_identify(maze/plywood_panel/textures) by extensions ['python_setup_py']
[0.625s] Level 1:colcon.colcon_core.package_identification:_identify(maze/plywood_panel/textures) by extension 'python_setup_py'
[0.625s] Level 1:colcon.colcon_core.package_identification:_identify(maze/wooden_joint) by extensions ['ignore', 'ignore_ament_install']
[0.625s] Level 1:colcon.colcon_core.package_identification:_identify(maze/wooden_joint) by extension 'ignore'
[0.625s] Level 1:colcon.colcon_core.package_identification:_identify(maze/wooden_joint) by extension 'ignore_ament_install'
[0.625s] Level 1:colcon.colcon_core.package_identification:_identify(maze/wooden_joint) by extensions ['colcon_pkg']
[0.625s] Level 1:colcon.colcon_core.package_identification:_identify(maze/wooden_joint) by extension 'colcon_pkg'
[0.625s] Level 1:colcon.colcon_core.package_identification:_identify(maze/wooden_joint) by extensions ['colcon_meta']
[0.625s] Level 1:colcon.colcon_core.package_identification:_identify(maze/wooden_joint) by extension 'colcon_meta'
[0.625s] Level 1:colcon.colcon_core.package_identification:_identify(maze/wooden_joint) by extensions ['ros']
[0.625s] Level 1:colcon.colcon_core.package_identification:_identify(maze/wooden_joint) by extension 'ros'
[0.625s] Level 1:colcon.colcon_core.package_identification:_identify(maze/wooden_joint) by extensions ['cmake', 'python']
[0.625s] Level 1:colcon.colcon_core.package_identification:_identify(maze/wooden_joint) by extension 'cmake'
[0.626s] Level 1:colcon.colcon_core.package_identification:_identify(maze/wooden_joint) by extension 'python'
[0.626s] Level 1:colcon.colcon_core.package_identification:_identify(maze/wooden_joint) by extensions ['python_setup_py']
[0.626s] Level 1:colcon.colcon_core.package_identification:_identify(maze/wooden_joint) by extension 'python_setup_py'
[0.626s] Level 1:colcon.colcon_core.package_identification:_identify(src) by extensions ['ignore', 'ignore_ament_install']
[0.626s] Level 1:colcon.colcon_core.package_identification:_identify(src) by extension 'ignore'
[0.626s] Level 1:colcon.colcon_core.package_identification:_identify(src) by extension 'ignore_ament_install'
[0.626s] Level 1:colcon.colcon_core.package_identification:_identify(src) by extensions ['colcon_pkg']
[0.626s] Level 1:colcon.colcon_core.package_identification:_identify(src) by extension 'colcon_pkg'
[0.626s] Level 1:colcon.colcon_core.package_identification:_identify(src) by extensions ['colcon_meta']
[0.626s] Level 1:colcon.colcon_core.package_identification:_identify(src) by extension 'colcon_meta'
[0.626s] Level 1:colcon.colcon_core.package_identification:_identify(src) by extensions ['ros']
[0.626s] Level 1:colcon.colcon_core.package_identification:_identify(src) by extension 'ros'
[0.626s] Level 1:colcon.colcon_core.package_identification:_identify(src) by extensions ['cmake', 'python']
[0.626s] Level 1:colcon.colcon_core.package_identification:_identify(src) by extension 'cmake'
[0.626s] Level 1:colcon.colcon_core.package_identification:_identify(src) by extension 'python'
[0.626s] Level 1:colcon.colcon_core.package_identification:_identify(src) by extensions ['python_setup_py']
[0.626s] Level 1:colcon.colcon_core.package_identification:_identify(src) by extension 'python_setup_py'
[0.626s] Level 1:colcon.colcon_core.package_identification:_identify(src/build) by extensions ['ignore', 'ignore_ament_install']
[0.626s] Level 1:colcon.colcon_core.package_identification:_identify(src/build) by extension 'ignore'
[0.627s] Level 1:colcon.colcon_core.package_identification:_identify(src/build) ignored
[0.627s] Level 1:colcon.colcon_core.package_identification:_identify(src/install) by extensions ['ignore', 'ignore_ament_install']
[0.627s] Level 1:colcon.colcon_core.package_identification:_identify(src/install) by extension 'ignore'
[0.627s] Level 1:colcon.colcon_core.package_identification:_identify(src/install) ignored
[0.627s] Level 1:colcon.colcon_core.package_identification:_identify(src/log) by extensions ['ignore', 'ignore_ament_install']
[0.627s] Level 1:colcon.colcon_core.package_identification:_identify(src/log) by extension 'ignore'
[0.627s] Level 1:colcon.colcon_core.package_identification:_identify(src/log) ignored
[0.627s] Level 1:colcon.colcon_core.package_identification:_identify(src/maze_ros2_gz) by extensions ['ignore', 'ignore_ament_install']
[0.627s] Level 1:colcon.colcon_core.package_identification:_identify(src/maze_ros2_gz) by extension 'ignore'
[0.627s] Level 1:colcon.colcon_core.package_identification:_identify(src/maze_ros2_gz) by extension 'ignore_ament_install'
[0.627s] Level 1:colcon.colcon_core.package_identification:_identify(src/maze_ros2_gz) by extensions ['colcon_pkg']
[0.627s] Level 1:colcon.colcon_core.package_identification:_identify(src/maze_ros2_gz) by extension 'colcon_pkg'
[0.627s] Level 1:colcon.colcon_core.package_identification:_identify(src/maze_ros2_gz) by extensions ['colcon_meta']
[0.627s] Level 1:colcon.colcon_core.package_identification:_identify(src/maze_ros2_gz) by extension 'colcon_meta'
[0.627s] Level 1:colcon.colcon_core.package_identification:_identify(src/maze_ros2_gz) by extensions ['ros']
[0.627s] Level 1:colcon.colcon_core.package_identification:_identify(src/maze_ros2_gz) by extension 'ros'
[0.630s] DEBUG:colcon.colcon_core.package_identification:Package 'src/maze_ros2_gz' with type 'ros.ament_python' and name 'maze_ros2_gz'
[0.630s] Level 1:colcon.colcon_core.package_discovery:discover_packages(recursive) using defaults
[0.630s] Level 1:colcon.colcon_core.package_discovery:discover_packages(ignore) discover
[0.630s] Level 1:colcon.colcon_core.package_discovery:discover_packages(ignore) using defaults
[0.630s] Level 1:colcon.colcon_core.package_discovery:discover_packages(path) discover
[0.630s] Level 1:colcon.colcon_core.package_discovery:discover_packages(path) using defaults
[0.648s] Level 1:colcon.colcon_core.package_discovery:discover_packages(prefix_path) check parameters
[0.648s] Level 1:colcon.colcon_core.package_discovery:discover_packages(prefix_path) discover
[0.649s] WARNING:colcon.colcon_core.prefix_path.colcon:The path '/home/zaynap/maze_robot/install' in the environment variable COLCON_PREFIX_PATH doesn't exist
[0.650s] DEBUG:colcon.colcon_installed_package_information.package_discovery:Found 1 installed packages in /home/zaynap/maze_with_car-model/maze_robot/install
[0.650s] DEBUG:colcon.colcon_installed_package_information.package_discovery:Found 1 installed packages in /home/zaynap/maze_with_car-model/maze_robot/src/install
[0.651s] DEBUG:colcon.colcon_installed_package_information.package_discovery:Found 309 installed packages in /opt/ros/humble
[0.653s] Level 1:colcon.colcon_core.package_discovery:discover_packages(prefix_path) using defaults
[0.694s] Level 5:colcon.colcon_core.verb:set package 'maze_ros2_gz' build argument 'cmake_args' from command line to 'None'
[0.694s] Level 5:colcon.colcon_core.verb:set package 'maze_ros2_gz' build argument 'cmake_target' from command line to 'None'
[0.694s] Level 5:colcon.colcon_core.verb:set package 'maze_ros2_gz' build argument 'cmake_target_skip_unavailable' from command line to 'False'
[0.694s] Level 5:colcon.colcon_core.verb:set package 'maze_ros2_gz' build argument 'cmake_clean_cache' from command line to 'False'
[0.694s] Level 5:colcon.colcon_core.verb:set package 'maze_ros2_gz' build argument 'cmake_clean_first' from command line to 'False'
[0.694s] Level 5:colcon.colcon_core.verb:set package 'maze_ros2_gz' build argument 'cmake_force_configure' from command line to 'False'
[0.694s] Level 5:colcon.colcon_core.verb:set package 'maze_ros2_gz' build argument 'ament_cmake_args' from command line to 'None'
[0.694s] Level 5:colcon.colcon_core.verb:set package 'maze_ros2_gz' build argument 'catkin_cmake_args' from command line to 'None'
[0.694s] Level 5:colcon.colcon_core.verb:set package 'maze_ros2_gz' build argument 'catkin_skip_building_tests' from command line to 'False'
[0.694s] DEBUG:colcon.colcon_core.verb:Building package 'maze_ros2_gz' with the following arguments: {'ament_cmake_args': None, 'build_base': '/home/zaynap/maze_with_car-model/maze_robot/build/maze_ros2_gz', 'catkin_cmake_args': None, 'catkin_skip_building_tests': False, 'cmake_args': None, 'cmake_clean_cache': False, 'cmake_clean_first': False, 'cmake_force_configure': False, 'cmake_target': None, 'cmake_target_skip_unavailable': False, 'install_base': '/home/zaynap/maze_with_car-model/maze_robot/install/maze_ros2_gz', 'merge_install': False, 'path': '/home/zaynap/maze_with_car-model/maze_robot/src/maze_ros2_gz', 'symlink_install': False, 'test_result_base': None}
[0.694s] INFO:colcon.colcon_core.executor:Executing jobs using 'parallel' executor
[0.695s] DEBUG:colcon.colcon_parallel_executor.executor.parallel:run_until_complete
[0.695s] INFO:colcon.colcon_ros.task.ament_python.build:Building ROS package in '/home/zaynap/maze_with_car-model/maze_robot/src/maze_ros2_gz' with build type 'ament_python'
[0.695s] Level 1:colcon.colcon_core.shell:create_environment_hook('maze_ros2_gz', 'ament_prefix_path')
[0.697s] INFO:colcon.colcon_core.plugin_system:Skipping extension 'colcon_core.shell.bat': Not used on non-Windows systems
[0.697s] INFO:colcon.colcon_core.shell:Creating environment hook '/home/zaynap/maze_with_car-model/maze_robot/install/maze_ros2_gz/share/maze_ros2_gz/hook/ament_prefix_path.ps1'
[0.698s] INFO:colcon.colcon_core.shell:Creating environment descriptor '/home/zaynap/maze_with_car-model/maze_robot/install/maze_ros2_gz/share/maze_ros2_gz/hook/ament_prefix_path.dsv'
[0.698s] INFO:colcon.colcon_core.shell:Creating environment hook '/home/zaynap/maze_with_car-model/maze_robot/install/maze_ros2_gz/share/maze_ros2_gz/hook/ament_prefix_path.sh'
[0.699s] INFO:colcon.colcon_core.shell:Skip shell extension 'powershell' for command environment: Not usable outside of PowerShell
[0.699s] DEBUG:colcon.colcon_core.shell:Skip shell extension 'dsv' for command environment
[1.003s] INFO:colcon.colcon_core.task.python.build:Building Python package in '/home/zaynap/maze_with_car-model/maze_robot/src/maze_ros2_gz'
[1.003s] INFO:colcon.colcon_core.shell:Skip shell extension 'powershell' for command environment: Not usable outside of PowerShell
[1.003s] DEBUG:colcon.colcon_core.shell:Skip shell extension 'dsv' for command environment
[1.388s] DEBUG:colcon.colcon_core.event_handler.log_command:Invoking command in '/home/zaynap/maze_with_car-model/maze_robot/src/maze_ros2_gz': PYTHONPATH=/home/zaynap/maze_with_car-model/maze_robot/build/maze_ros2_gz/prefix_override:/usr/lib/python3/dist-packages/colcon_core/task/python/colcon_distutils_commands:/home/zaynap/maze_with_car-model/maze_robot/install/maze_ros2_gz/lib/python3.10/site-packages:${PYTHONPATH} /usr/bin/python3 -W ignore:setup.py install is deprecated setup.py egg_info --egg-base ../../build/maze_ros2_gz build --build-base /home/zaynap/maze_with_car-model/maze_robot/build/maze_ros2_gz/build install --record /home/zaynap/maze_with_car-model/maze_robot/build/maze_ros2_gz/install.log --single-version-externally-managed install_data
[1.715s] DEBUG:colcon.colcon_core.event_handler.log_command:Invoked command in '/home/zaynap/maze_with_car-model/maze_robot/src/maze_ros2_gz' returned '0': PYTHONPATH=/home/zaynap/maze_with_car-model/maze_robot/build/maze_ros2_gz/prefix_override:/usr/lib/python3/dist-packages/colcon_core/task/python/colcon_distutils_commands:/home/zaynap/maze_with_car-model/maze_robot/install/maze_ros2_gz/lib/python3.10/site-packages:${PYTHONPATH} /usr/bin/python3 -W ignore:setup.py install is deprecated setup.py egg_info --egg-base ../../build/maze_ros2_gz build --build-base /home/zaynap/maze_with_car-model/maze_robot/build/maze_ros2_gz/build install --record /home/zaynap/maze_with_car-model/maze_robot/build/maze_ros2_gz/install.log --single-version-externally-managed install_data
[1.717s] Level 1:colcon.colcon_core.environment:checking '/home/zaynap/maze_with_car-model/maze_robot/install/maze_ros2_gz' for CMake module files
[1.718s] Level 1:colcon.colcon_core.environment:checking '/home/zaynap/maze_with_car-model/maze_robot/install/maze_ros2_gz' for CMake config files
[1.718s] Level 1:colcon.colcon_core.environment:checking '/home/zaynap/maze_with_car-model/maze_robot/install/maze_ros2_gz/lib'
[1.719s] Level 1:colcon.colcon_core.environment:checking '/home/zaynap/maze_with_car-model/maze_robot/install/maze_ros2_gz/bin'
[1.719s] Level 1:colcon.colcon_core.environment:checking '/home/zaynap/maze_with_car-model/maze_robot/install/maze_ros2_gz/lib/pkgconfig/maze_ros2_gz.pc'
[1.719s] Level 1:colcon.colcon_core.environment:checking '/home/zaynap/maze_with_car-model/maze_robot/install/maze_ros2_gz/lib/python3.10/site-packages'
[1.719s] Level 1:colcon.colcon_core.shell:create_environment_hook('maze_ros2_gz', 'pythonpath')
[1.719s] INFO:colcon.colcon_core.shell:Creating environment hook '/home/zaynap/maze_with_car-model/maze_robot/install/maze_ros2_gz/share/maze_ros2_gz/hook/pythonpath.ps1'
[1.720s] INFO:colcon.colcon_core.shell:Creating environment descriptor '/home/zaynap/maze_with_car-model/maze_robot/install/maze_ros2_gz/share/maze_ros2_gz/hook/pythonpath.dsv'
[1.720s] INFO:colcon.colcon_core.shell:Creating environment hook '/home/zaynap/maze_with_car-model/maze_robot/install/maze_ros2_gz/share/maze_ros2_gz/hook/pythonpath.sh'
[1.721s] Level 1:colcon.colcon_core.environment:checking '/home/zaynap/maze_with_car-model/maze_robot/install/maze_ros2_gz/bin'
[1.721s] Level 1:colcon.colcon_core.environment:create_environment_scripts_only(maze_ros2_gz)
[1.722s] INFO:colcon.colcon_core.shell:Creating package script '/home/zaynap/maze_with_car-model/maze_robot/install/maze_ros2_gz/share/maze_ros2_gz/package.ps1'
[1.722s] INFO:colcon.colcon_core.shell:Creating package descriptor '/home/zaynap/maze_with_car-model/maze_robot/install/maze_ros2_gz/share/maze_ros2_gz/package.dsv'
[1.723s] INFO:colcon.colcon_core.shell:Creating package script '/home/zaynap/maze_with_car-model/maze_robot/install/maze_ros2_gz/share/maze_ros2_gz/package.sh'
[1.724s] INFO:colcon.colcon_core.shell:Creating package script '/home/zaynap/maze_with_car-model/maze_robot/install/maze_ros2_gz/share/maze_ros2_gz/package.bash'
[1.725s] INFO:colcon.colcon_core.shell:Creating package script '/home/zaynap/maze_with_car-model/maze_robot/install/maze_ros2_gz/share/maze_ros2_gz/package.zsh'
[1.726s] Level 1:colcon.colcon_core.environment:create_file_with_runtime_dependencies(/home/zaynap/maze_with_car-model/maze_robot/install/maze_ros2_gz/share/colcon-core/packages/maze_ros2_gz)
[1.726s] DEBUG:colcon.colcon_parallel_executor.executor.parallel:closing loop
[1.726s] DEBUG:colcon.colcon_parallel_executor.executor.parallel:loop closed
[1.727s] DEBUG:colcon.colcon_parallel_executor.executor.parallel:run_until_complete finished with '0'
[1.727s] DEBUG:colcon.colcon_core.event_reactor:joining thread
[1.731s] INFO:colcon.colcon_core.plugin_system:Skipping extension 'colcon_notification.desktop_notification.terminal_notifier': Not used on non-Darwin systems
[1.732s] INFO:colcon.colcon_core.plugin_system:Skipping extension 'colcon_notification.desktop_notification.win32': Not used on non-Windows systems
[1.732s] INFO:colcon.colcon_notification.desktop_notification:Sending desktop notification using 'notify2'
[1.743s] DEBUG:colcon.colcon_core.event_reactor:joined thread
[1.743s] INFO:colcon.colcon_core.shell:Creating prefix script '/home/zaynap/maze_with_car-model/maze_robot/install/local_setup.ps1'
[1.744s] INFO:colcon.colcon_core.shell:Creating prefix util module '/home/zaynap/maze_with_car-model/maze_robot/install/_local_setup_util_ps1.py'
[1.746s] INFO:colcon.colcon_core.shell:Creating prefix chain script '/home/zaynap/maze_with_car-model/maze_robot/install/setup.ps1'
[1.747s] INFO:colcon.colcon_core.shell:Creating prefix script '/home/zaynap/maze_with_car-model/maze_robot/install/local_setup.sh'
[1.747s] INFO:colcon.colcon_core.shell:Creating prefix util module '/home/zaynap/maze_with_car-model/maze_robot/install/_local_setup_util_sh.py'
[1.748s] INFO:colcon.colcon_core.shell:Creating prefix chain script '/home/zaynap/maze_with_car-model/maze_robot/install/setup.sh'
[1.749s] INFO:colcon.colcon_core.shell:Creating prefix script '/home/zaynap/maze_with_car-model/maze_robot/install/local_setup.bash'
[1.749s] INFO:colcon.colcon_core.shell:Creating prefix chain script '/home/zaynap/maze_with_car-model/maze_robot/install/setup.bash'
[1.750s] INFO:colcon.colcon_core.shell:Creating prefix script '/home/zaynap/maze_with_car-model/maze_robot/install/local_setup.zsh'
[1.751s] INFO:colcon.colcon_core.shell:Creating prefix chain script '/home/zaynap/maze_with_car-model/maze_robot/install/setup.zsh'
