[0.687s] Invoking command in '/home/zaynap/maze_with_car-model/maze_robot/src/maze_ros2_gz': PYTHONPATH=/home/zaynap/maze_with_car-model/maze_robot/build/maze_ros2_gz/prefix_override:/usr/lib/python3/dist-packages/colcon_core/task/python/colcon_distutils_commands:/home/zaynap/maze_with_car-model/maze_robot/install/maze_ros2_gz/lib/python3.10/site-packages:${PYTHONPATH} /usr/bin/python3 -W ignore:setup.py install is deprecated setup.py egg_info --egg-base ../../build/maze_ros2_gz build --build-base /home/zaynap/maze_with_car-model/maze_robot/build/maze_ros2_gz/build install --record /home/zaynap/maze_with_car-model/maze_robot/build/maze_ros2_gz/install.log --single-version-externally-managed install_data
[0.957s] running egg_info
[0.957s] creating ../../build/maze_ros2_gz/maze_ros2_gz.egg-info
[0.958s] writing ../../build/maze_ros2_gz/maze_ros2_gz.egg-info/PKG-INFO
[0.958s] writing dependency_links to ../../build/maze_ros2_gz/maze_ros2_gz.egg-info/dependency_links.txt
[0.958s] writing entry points to ../../build/maze_ros2_gz/maze_ros2_gz.egg-info/entry_points.txt
[0.958s] writing requirements to ../../build/maze_ros2_gz/maze_ros2_gz.egg-info/requires.txt
[0.958s] writing top-level names to ../../build/maze_ros2_gz/maze_ros2_gz.egg-info/top_level.txt
[0.958s] writing manifest file '../../build/maze_ros2_gz/maze_ros2_gz.egg-info/SOURCES.txt'
[0.960s] reading manifest file '../../build/maze_ros2_gz/maze_ros2_gz.egg-info/SOURCES.txt'
[0.960s] writing manifest file '../../build/maze_ros2_gz/maze_ros2_gz.egg-info/SOURCES.txt'
[0.961s] running build
[0.961s] running build_py
[0.961s] creating /home/zaynap/maze_with_car-model/maze_robot/build/maze_ros2_gz/build
[0.961s] creating /home/zaynap/maze_with_car-model/maze_robot/build/maze_ros2_gz/build/lib
[0.961s] creating /home/zaynap/maze_with_car-model/maze_robot/build/maze_ros2_gz/build/lib/maze_ros2_gz
[0.961s] copying maze_ros2_gz/__init__.py -> /home/zaynap/maze_with_car-model/maze_robot/build/maze_ros2_gz/build/lib/maze_ros2_gz
[0.961s] running install
[0.961s] running install_lib
[0.962s] creating /home/zaynap/maze_with_car-model/maze_robot/install/maze_ros2_gz/lib/python3.10/site-packages/maze_ros2_gz
[0.962s] copying /home/zaynap/maze_with_car-model/maze_robot/build/maze_ros2_gz/build/lib/maze_ros2_gz/__init__.py -> /home/zaynap/maze_with_car-model/maze_robot/install/maze_ros2_gz/lib/python3.10/site-packages/maze_ros2_gz
[0.963s] byte-compiling /home/zaynap/maze_with_car-model/maze_robot/install/maze_ros2_gz/lib/python3.10/site-packages/maze_ros2_gz/__init__.py to __init__.cpython-310.pyc
[0.963s] running install_data
[0.963s] creating /home/zaynap/maze_with_car-model/maze_robot/install/maze_ros2_gz/share/ament_index
[0.963s] creating /home/zaynap/maze_with_car-model/maze_robot/install/maze_ros2_gz/share/ament_index/resource_index
[0.963s] creating /home/zaynap/maze_with_car-model/maze_robot/install/maze_ros2_gz/share/ament_index/resource_index/packages
[0.963s] copying resource/maze_ros2_gz -> /home/zaynap/maze_with_car-model/maze_robot/install/maze_ros2_gz/share/ament_index/resource_index/packages
[0.963s] copying package.xml -> /home/zaynap/maze_with_car-model/maze_robot/install/maze_ros2_gz/share/maze_ros2_gz
[0.963s] creating /home/zaynap/maze_with_car-model/maze_robot/install/maze_ros2_gz/share/maze_ros2_gz/launch
[0.963s] copying launch/launch.launch.py -> /home/zaynap/maze_with_car-model/maze_robot/install/maze_ros2_gz/share/maze_ros2_gz/launch
[0.964s] running install_egg_info
[0.965s] Copying ../../build/maze_ros2_gz/maze_ros2_gz.egg-info to /home/zaynap/maze_with_car-model/maze_robot/install/maze_ros2_gz/lib/python3.10/site-packages/maze_ros2_gz-0.0.0-py3.10.egg-info
[0.966s] running install_scripts
[0.986s] writing list of installed files to '/home/zaynap/maze_with_car-model/maze_robot/build/maze_ros2_gz/install.log'
[1.007s] Invoked command in '/home/zaynap/maze_with_car-model/maze_robot/src/maze_ros2_gz' returned '0': PYTHONPATH=/home/zaynap/maze_with_car-model/maze_robot/build/maze_ros2_gz/prefix_override:/usr/lib/python3/dist-packages/colcon_core/task/python/colcon_distutils_commands:/home/zaynap/maze_with_car-model/maze_robot/install/maze_ros2_gz/lib/python3.10/site-packages:${PYTHONPATH} /usr/bin/python3 -W ignore:setup.py install is deprecated setup.py egg_info --egg-base ../../build/maze_ros2_gz build --build-base /home/zaynap/maze_with_car-model/maze_robot/build/maze_ros2_gz/build install --record /home/zaynap/maze_with_car-model/maze_robot/build/maze_ros2_gz/install.log --single-version-externally-managed install_data
