[0.818s] Invoking command in '/home/zaynap/maze_with_car-model/maze_robot/src/maze_ros2_gz': PYTHONPATH=/home/zaynap/maze_with_car-model/build/maze_ros2_gz/prefix_override:/usr/lib/python3/dist-packages/colcon_core/task/python/colcon_distutils_commands:/home/zaynap/maze_with_car-model/install/maze_ros2_gz/lib/python3.10/site-packages:${PYTHONPATH} /usr/bin/python3 -W ignore:setup.py install is deprecated setup.py egg_info --egg-base ../../../build/maze_ros2_gz build --build-base /home/zaynap/maze_with_car-model/build/maze_ros2_gz/build install --record /home/zaynap/maze_with_car-model/build/maze_ros2_gz/install.log --single-version-externally-managed install_data
[1.097s] running egg_info
[1.098s] writing ../../../build/maze_ros2_gz/maze_ros2_gz.egg-info/PKG-INFO
[1.099s] writing dependency_links to ../../../build/maze_ros2_gz/maze_ros2_gz.egg-info/dependency_links.txt
[1.099s] writing entry points to ../../../build/maze_ros2_gz/maze_ros2_gz.egg-info/entry_points.txt
[1.099s] writing requirements to ../../../build/maze_ros2_gz/maze_ros2_gz.egg-info/requires.txt
[1.099s] writing top-level names to ../../../build/maze_ros2_gz/maze_ros2_gz.egg-info/top_level.txt
[1.102s] reading manifest file '../../../build/maze_ros2_gz/maze_ros2_gz.egg-info/SOURCES.txt'
[1.103s] writing manifest file '../../../build/maze_ros2_gz/maze_ros2_gz.egg-info/SOURCES.txt'
[1.103s] running build
[1.103s] running build_py
[1.103s] running install
[1.104s] running install_lib
[1.105s] running install_data
[1.106s] running install_egg_info
[1.108s] removing '/home/zaynap/maze_with_car-model/install/maze_ros2_gz/lib/python3.10/site-packages/maze_ros2_gz-0.0.0-py3.10.egg-info' (and everything under it)
[1.108s] Copying ../../../build/maze_ros2_gz/maze_ros2_gz.egg-info to /home/zaynap/maze_with_car-model/install/maze_ros2_gz/lib/python3.10/site-packages/maze_ros2_gz-0.0.0-py3.10.egg-info
[1.109s] running install_scripts
[1.130s] writing list of installed files to '/home/zaynap/maze_with_car-model/build/maze_ros2_gz/install.log'
[1.154s] Invoked command in '/home/zaynap/maze_with_car-model/maze_robot/src/maze_ros2_gz' returned '0': PYTHONPATH=/home/zaynap/maze_with_car-model/build/maze_ros2_gz/prefix_override:/usr/lib/python3/dist-packages/colcon_core/task/python/colcon_distutils_commands:/home/zaynap/maze_with_car-model/install/maze_ros2_gz/lib/python3.10/site-packages:${PYTHONPATH} /usr/bin/python3 -W ignore:setup.py install is deprecated setup.py egg_info --egg-base ../../../build/maze_ros2_gz build --build-base /home/zaynap/maze_with_car-model/build/maze_ros2_gz/build install --record /home/zaynap/maze_with_car-model/build/maze_ros2_gz/install.log --single-version-externally-managed install_data
