[1.187s] Invoking command in '/home/zaynap/maze_with_car-model/maze_robot/src/maze_ros2_gz': PYTHONPATH=/home/zaynap/maze_with_car-model/build/maze_ros2_gz/prefix_override:/usr/lib/python3/dist-packages/colcon_core/task/python/colcon_distutils_commands:/home/zaynap/maze_with_car-model/install/maze_ros2_gz/lib/python3.10/site-packages:${PYTHONPATH} /usr/bin/python3 -W ignore:setup.py install is deprecated setup.py egg_info --egg-base ../../../build/maze_ros2_gz build --build-base /home/zaynap/maze_with_car-model/build/maze_ros2_gz/build install --record /home/zaynap/maze_with_car-model/build/maze_ros2_gz/install.log --single-version-externally-managed install_data
[1.468s] running egg_info
[1.469s] creating ../../../build/maze_ros2_gz/maze_ros2_gz.egg-info
[1.469s] writing ../../../build/maze_ros2_gz/maze_ros2_gz.egg-info/PKG-INFO
[1.469s] writing dependency_links to ../../../build/maze_ros2_gz/maze_ros2_gz.egg-info/dependency_links.txt
[1.469s] writing entry points to ../../../build/maze_ros2_gz/maze_ros2_gz.egg-info/entry_points.txt
[1.469s] writing requirements to ../../../build/maze_ros2_gz/maze_ros2_gz.egg-info/requires.txt
[1.470s] writing top-level names to ../../../build/maze_ros2_gz/maze_ros2_gz.egg-info/top_level.txt
[1.470s] writing manifest file '../../../build/maze_ros2_gz/maze_ros2_gz.egg-info/SOURCES.txt'
[1.471s] reading manifest file '../../../build/maze_ros2_gz/maze_ros2_gz.egg-info/SOURCES.txt'
[1.472s] writing manifest file '../../../build/maze_ros2_gz/maze_ros2_gz.egg-info/SOURCES.txt'
[1.472s] running build
[1.472s] running build_py
[1.472s] creating /home/zaynap/maze_with_car-model/build/maze_ros2_gz/build
[1.472s] creating /home/zaynap/maze_with_car-model/build/maze_ros2_gz/build/lib
[1.473s] creating /home/zaynap/maze_with_car-model/build/maze_ros2_gz/build/lib/maze_ros2_gz
[1.473s] copying maze_ros2_gz/__init__.py -> /home/zaynap/maze_with_car-model/build/maze_ros2_gz/build/lib/maze_ros2_gz
[1.473s] running install
[1.473s] running install_lib
[1.474s] creating /home/zaynap/maze_with_car-model/install/maze_ros2_gz/lib/python3.10/site-packages/maze_ros2_gz
[1.474s] copying /home/zaynap/maze_with_car-model/build/maze_ros2_gz/build/lib/maze_ros2_gz/__init__.py -> /home/zaynap/maze_with_car-model/install/maze_ros2_gz/lib/python3.10/site-packages/maze_ros2_gz
[1.474s] byte-compiling /home/zaynap/maze_with_car-model/install/maze_ros2_gz/lib/python3.10/site-packages/maze_ros2_gz/__init__.py to __init__.cpython-310.pyc
[1.475s] running install_data
[1.475s] creating /home/zaynap/maze_with_car-model/install/maze_ros2_gz/share/ament_index
[1.475s] creating /home/zaynap/maze_with_car-model/install/maze_ros2_gz/share/ament_index/resource_index
[1.475s] creating /home/zaynap/maze_with_car-model/install/maze_ros2_gz/share/ament_index/resource_index/packages
[1.475s] copying resource/maze_ros2_gz -> /home/zaynap/maze_with_car-model/install/maze_ros2_gz/share/ament_index/resource_index/packages
[1.475s] copying package.xml -> /home/zaynap/maze_with_car-model/install/maze_ros2_gz/share/maze_ros2_gz
[1.475s] creating /home/zaynap/maze_with_car-model/install/maze_ros2_gz/share/maze_ros2_gz/launch
[1.475s] copying launch/launch.launch.py -> /home/zaynap/maze_with_car-model/install/maze_ros2_gz/share/maze_ros2_gz/launch
[1.476s] running install_egg_info
[1.477s] Copying ../../../build/maze_ros2_gz/maze_ros2_gz.egg-info to /home/zaynap/maze_with_car-model/install/maze_ros2_gz/lib/python3.10/site-packages/maze_ros2_gz-0.0.0-py3.10.egg-info
[1.478s] running install_scripts
[1.498s] writing list of installed files to '/home/zaynap/maze_with_car-model/build/maze_ros2_gz/install.log'
[1.522s] Invoked command in '/home/zaynap/maze_with_car-model/maze_robot/src/maze_ros2_gz' returned '0': PYTHONPATH=/home/zaynap/maze_with_car-model/build/maze_ros2_gz/prefix_override:/usr/lib/python3/dist-packages/colcon_core/task/python/colcon_distutils_commands:/home/zaynap/maze_with_car-model/install/maze_ros2_gz/lib/python3.10/site-packages:${PYTHONPATH} /usr/bin/python3 -W ignore:setup.py install is deprecated setup.py egg_info --egg-base ../../../build/maze_ros2_gz build --build-base /home/zaynap/maze_with_car-model/build/maze_ros2_gz/build install --record /home/zaynap/maze_with_car-model/build/maze_ros2_gz/install.log --single-version-externally-managed install_data
