[0.699s] Invoking command in '/home/zaynap/maze_with_car-model/maze_robot/src/maze_ros2_gz': PYTHONPATH=/home/zaynap/maze_with_car-model/maze_robot/build/maze_ros2_gz/prefix_override:/usr/lib/python3/dist-packages/colcon_core/task/python/colcon_distutils_commands:/home/zaynap/maze_with_car-model/maze_robot/install/maze_ros2_gz/lib/python3.10/site-packages:${PYTHONPATH} /usr/bin/python3 -W ignore:setup.py install is deprecated setup.py egg_info --egg-base ../../build/maze_ros2_gz build --build-base /home/zaynap/maze_with_car-model/maze_robot/build/maze_ros2_gz/build install --record /home/zaynap/maze_with_car-model/maze_robot/build/maze_ros2_gz/install.log --single-version-externally-managed install_data
[0.971s] running egg_info
[0.972s] writing ../../build/maze_ros2_gz/maze_ros2_gz.egg-info/PKG-INFO
[0.972s] writing dependency_links to ../../build/maze_ros2_gz/maze_ros2_gz.egg-info/dependency_links.txt
[0.972s] writing entry points to ../../build/maze_ros2_gz/maze_ros2_gz.egg-info/entry_points.txt
[0.973s] writing requirements to ../../build/maze_ros2_gz/maze_ros2_gz.egg-info/requires.txt
[0.973s] writing top-level names to ../../build/maze_ros2_gz/maze_ros2_gz.egg-info/top_level.txt
[0.975s] reading manifest file '../../build/maze_ros2_gz/maze_ros2_gz.egg-info/SOURCES.txt'
[0.976s] writing manifest file '../../build/maze_ros2_gz/maze_ros2_gz.egg-info/SOURCES.txt'
[0.976s] running build
[0.977s] running build_py
[0.977s] running install
[0.977s] running install_lib
[0.979s] running install_data
[0.979s] copying launch/launch.launch.py -> /home/zaynap/maze_with_car-model/maze_robot/install/maze_ros2_gz/share/maze_ros2_gz/launch
[0.979s] running install_egg_info
[0.982s] removing '/home/zaynap/maze_with_car-model/maze_robot/install/maze_ros2_gz/lib/python3.10/site-packages/maze_ros2_gz-0.0.0-py3.10.egg-info' (and everything under it)
[0.982s] Copying ../../build/maze_ros2_gz/maze_ros2_gz.egg-info to /home/zaynap/maze_with_car-model/maze_robot/install/maze_ros2_gz/lib/python3.10/site-packages/maze_ros2_gz-0.0.0-py3.10.egg-info
[0.983s] running install_scripts
[1.004s] writing list of installed files to '/home/zaynap/maze_with_car-model/maze_robot/build/maze_ros2_gz/install.log'
[1.024s] Invoked command in '/home/zaynap/maze_with_car-model/maze_robot/src/maze_ros2_gz' returned '0': PYTHONPATH=/home/zaynap/maze_with_car-model/maze_robot/build/maze_ros2_gz/prefix_override:/usr/lib/python3/dist-packages/colcon_core/task/python/colcon_distutils_commands:/home/zaynap/maze_with_car-model/maze_robot/install/maze_ros2_gz/lib/python3.10/site-packages:${PYTHONPATH} /usr/bin/python3 -W ignore:setup.py install is deprecated setup.py egg_info --egg-base ../../build/maze_ros2_gz build --build-base /home/zaynap/maze_with_car-model/maze_robot/build/maze_ros2_gz/build install --record /home/zaynap/maze_with_car-model/maze_robot/build/maze_ros2_gz/install.log --single-version-externally-managed install_data
