[0.115s] DEBUG:colcon:Command line arguments: ['/usr/bin/colcon', 'build']
[0.115s] DEBUG:colcon:Parsed command line arguments: Namespace(log_base=None, log_level=None, verb_name='build', build_base='build', install_base='install', merge_install=False, symlink_install=False, test_result_base=None, continue_on_error=False, executor='parallel', parallel_workers=8, event_handlers=None, ignore_user_meta=False, metas=['./colcon.meta'], base_paths=['.'], packages_ignore=None, packages_ignore_regex=None, paths=None, packages_up_to=None, packages_up_to_regex=None, packages_above=None, packages_above_and_dependencies=None, packages_above_depth=None, packages_select_by_dep=None, packages_skip_by_dep=None, packages_skip_up_to=None, packages_select_build_failed=False, packages_skip_build_finished=False, packages_select_test_failures=False, packages_skip_test_passed=False, packages_select=None, packages_skip=None, packages_select_regex=None, packages_skip_regex=None, packages_start=None, packages_end=None, allow_overriding=[], cmake_args=None, cmake_target=None, cmake_target_skip_unavailable=False, cmake_clean_cache=False, cmake_clean_first=False, cmake_force_configure=False, ament_cmake_args=None, catkin_cmake_args=None, catkin_skip_building_tests=False, mixin_files=None, mixin=None, verb_parser=<colcon_mixin.mixin.mixin_argument.MixinArgumentDecorator object at 0x79febba28460>, verb_extension=<colcon_core.verb.build.BuildVerb object at 0x79febbb71180>, main=<bound method BuildVerb.main of <colcon_core.verb.build.BuildVerb object at 0x79febbb71180>>, mixin_verb=('build',))
[0.317s] Level 1:colcon.colcon_core.package_discovery:discover_packages(colcon_meta) check parameters
[0.317s] Level 1:colcon.colcon_core.package_discovery:discover_packages(recursive) check parameters
[0.317s] Level 1:colcon.colcon_core.package_discovery:discover_packages(ignore) check parameters
[0.318s] Level 1:colcon.colcon_core.package_discovery:discover_packages(path) check parameters
[0.318s] Level 1:colcon.colcon_core.package_discovery:discover_packages(colcon_meta) discover
[0.318s] Level 1:colcon.colcon_core.package_discovery:discover_packages(recursive) discover
[0.318s] INFO:colcon.colcon_core.package_discovery:Crawling recursively for packages in '/home/zaynap/maze_with_car-model'
[0.318s] Level 1:colcon.colcon_core.package_identification:_identify(.) by extensions ['ignore', 'ignore_ament_install']
[0.318s] Level 1:colcon.colcon_core.package_identification:_identify(.) by extension 'ignore'
[0.318s] Level 1:colcon.colcon_core.package_identification:_identify(.) by extension 'ignore_ament_install'
[0.318s] Level 1:colcon.colcon_core.package_identification:_identify(.) by extensions ['colcon_pkg']
[0.318s] Level 1:colcon.colcon_core.package_identification:_identify(.) by extension 'colcon_pkg'
[0.318s] Level 1:colcon.colcon_core.package_identification:_identify(.) by extensions ['colcon_meta']
[0.318s] Level 1:colcon.colcon_core.package_identification:_identify(.) by extension 'colcon_meta'
[0.318s] Level 1:colcon.colcon_core.package_identification:_identify(.) by extensions ['ros']
[0.318s] Level 1:colcon.colcon_core.package_identification:_identify(.) by extension 'ros'
[0.350s] Level 1:colcon.colcon_core.package_identification:_identify(.) by extensions ['cmake', 'python']
[0.350s] Level 1:colcon.colcon_core.package_identification:_identify(.) by extension 'cmake'
[0.350s] Level 1:colcon.colcon_core.package_identification:_identify(.) by extension 'python'
[0.350s] Level 1:colcon.colcon_core.package_identification:_identify(.) by extensions ['python_setup_py']
[0.350s] Level 1:colcon.colcon_core.package_identification:_identify(.) by extension 'python_setup_py'
[0.350s] Level 1:colcon.colcon_core.package_identification:_identify(build) by extensions ['ignore', 'ignore_ament_install']
[0.351s] Level 1:colcon.colcon_core.package_identification:_identify(build) by extension 'ignore'
[0.351s] Level 1:colcon.colcon_core.package_identification:_identify(build) ignored
[0.351s] Level 1:colcon.colcon_core.package_identification:_identify(images) by extensions ['ignore', 'ignore_ament_install']
[0.351s] Level 1:colcon.colcon_core.package_identification:_identify(images) by extension 'ignore'
[0.351s] Level 1:colcon.colcon_core.package_identification:_identify(images) by extension 'ignore_ament_install'
[0.351s] Level 1:colcon.colcon_core.package_identification:_identify(images) by extensions ['colcon_pkg']
[0.351s] Level 1:colcon.colcon_core.package_identification:_identify(images) by extension 'colcon_pkg'
[0.351s] Level 1:colcon.colcon_core.package_identification:_identify(images) by extensions ['colcon_meta']
[0.351s] Level 1:colcon.colcon_core.package_identification:_identify(images) by extension 'colcon_meta'
[0.351s] Level 1:colcon.colcon_core.package_identification:_identify(images) by extensions ['ros']
[0.352s] Level 1:colcon.colcon_core.package_identification:_identify(images) by extension 'ros'
[0.352s] Level 1:colcon.colcon_core.package_identification:_identify(images) by extensions ['cmake', 'python']
[0.352s] Level 1:colcon.colcon_core.package_identification:_identify(images) by extension 'cmake'
[0.352s] Level 1:colcon.colcon_core.package_identification:_identify(images) by extension 'python'
[0.352s] Level 1:colcon.colcon_core.package_identification:_identify(images) by extensions ['python_setup_py']
[0.352s] Level 1:colcon.colcon_core.package_identification:_identify(images) by extension 'python_setup_py'
[0.352s] Level 1:colcon.colcon_core.package_identification:_identify(install) by extensions ['ignore', 'ignore_ament_install']
[0.352s] Level 1:colcon.colcon_core.package_identification:_identify(install) by extension 'ignore'
[0.352s] Level 1:colcon.colcon_core.package_identification:_identify(install) ignored
[0.352s] Level 1:colcon.colcon_core.package_identification:_identify(log) by extensions ['ignore', 'ignore_ament_install']
[0.352s] Level 1:colcon.colcon_core.package_identification:_identify(log) by extension 'ignore'
[0.352s] Level 1:colcon.colcon_core.package_identification:_identify(log) ignored
[0.353s] Level 1:colcon.colcon_core.package_identification:_identify(maze_robot) by extensions ['ignore', 'ignore_ament_install']
[0.353s] Level 1:colcon.colcon_core.package_identification:_identify(maze_robot) by extension 'ignore'
[0.353s] Level 1:colcon.colcon_core.package_identification:_identify(maze_robot) by extension 'ignore_ament_install'
[0.353s] Level 1:colcon.colcon_core.package_identification:_identify(maze_robot) by extensions ['colcon_pkg']
[0.353s] Level 1:colcon.colcon_core.package_identification:_identify(maze_robot) by extension 'colcon_pkg'
[0.353s] Level 1:colcon.colcon_core.package_identification:_identify(maze_robot) by extensions ['colcon_meta']
[0.353s] Level 1:colcon.colcon_core.package_identification:_identify(maze_robot) by extension 'colcon_meta'
[0.353s] Level 1:colcon.colcon_core.package_identification:_identify(maze_robot) by extensions ['ros']
[0.353s] Level 1:colcon.colcon_core.package_identification:_identify(maze_robot) by extension 'ros'
[0.353s] Level 1:colcon.colcon_core.package_identification:_identify(maze_robot) by extensions ['cmake', 'python']
[0.353s] Level 1:colcon.colcon_core.package_identification:_identify(maze_robot) by extension 'cmake'
[0.353s] Level 1:colcon.colcon_core.package_identification:_identify(maze_robot) by extension 'python'
[0.353s] Level 1:colcon.colcon_core.package_identification:_identify(maze_robot) by extensions ['python_setup_py']
[0.353s] Level 1:colcon.colcon_core.package_identification:_identify(maze_robot) by extension 'python_setup_py'
[0.353s] Level 1:colcon.colcon_core.package_identification:_identify(maze_robot/build) by extensions ['ignore', 'ignore_ament_install']
[0.353s] Level 1:colcon.colcon_core.package_identification:_identify(maze_robot/build) by extension 'ignore'
[0.353s] Level 1:colcon.colcon_core.package_identification:_identify(maze_robot/build) ignored
[0.354s] Level 1:colcon.colcon_core.package_identification:_identify(maze_robot/install) by extensions ['ignore', 'ignore_ament_install']
[0.354s] Level 1:colcon.colcon_core.package_identification:_identify(maze_robot/install) by extension 'ignore'
[0.354s] Level 1:colcon.colcon_core.package_identification:_identify(maze_robot/install) ignored
[0.354s] Level 1:colcon.colcon_core.package_identification:_identify(maze_robot/log) by extensions ['ignore', 'ignore_ament_install']
[0.354s] Level 1:colcon.colcon_core.package_identification:_identify(maze_robot/log) by extension 'ignore'
[0.354s] Level 1:colcon.colcon_core.package_identification:_identify(maze_robot/log) ignored
[0.354s] Level 1:colcon.colcon_core.package_identification:_identify(maze_robot/src) by extensions ['ignore', 'ignore_ament_install']
[0.354s] Level 1:colcon.colcon_core.package_identification:_identify(maze_robot/src) by extension 'ignore'
[0.354s] Level 1:colcon.colcon_core.package_identification:_identify(maze_robot/src) by extension 'ignore_ament_install'
[0.354s] Level 1:colcon.colcon_core.package_identification:_identify(maze_robot/src) by extensions ['colcon_pkg']
[0.354s] Level 1:colcon.colcon_core.package_identification:_identify(maze_robot/src) by extension 'colcon_pkg'
[0.354s] Level 1:colcon.colcon_core.package_identification:_identify(maze_robot/src) by extensions ['colcon_meta']
[0.354s] Level 1:colcon.colcon_core.package_identification:_identify(maze_robot/src) by extension 'colcon_meta'
[0.354s] Level 1:colcon.colcon_core.package_identification:_identify(maze_robot/src) by extensions ['ros']
[0.354s] Level 1:colcon.colcon_core.package_identification:_identify(maze_robot/src) by extension 'ros'
[0.354s] Level 1:colcon.colcon_core.package_identification:_identify(maze_robot/src) by extensions ['cmake', 'python']
[0.355s] Level 1:colcon.colcon_core.package_identification:_identify(maze_robot/src) by extension 'cmake'
[0.355s] Level 1:colcon.colcon_core.package_identification:_identify(maze_robot/src) by extension 'python'
[0.355s] Level 1:colcon.colcon_core.package_identification:_identify(maze_robot/src) by extensions ['python_setup_py']
[0.355s] Level 1:colcon.colcon_core.package_identification:_identify(maze_robot/src) by extension 'python_setup_py'
[0.355s] Level 1:colcon.colcon_core.package_identification:_identify(maze_robot/src/build) by extensions ['ignore', 'ignore_ament_install']
[0.355s] Level 1:colcon.colcon_core.package_identification:_identify(maze_robot/src/build) by extension 'ignore'
[0.355s] Level 1:colcon.colcon_core.package_identification:_identify(maze_robot/src/build) ignored
[0.355s] Level 1:colcon.colcon_core.package_identification:_identify(maze_robot/src/install) by extensions ['ignore', 'ignore_ament_install']
[0.355s] Level 1:colcon.colcon_core.package_identification:_identify(maze_robot/src/install) by extension 'ignore'
[0.355s] Level 1:colcon.colcon_core.package_identification:_identify(maze_robot/src/install) ignored
[0.355s] Level 1:colcon.colcon_core.package_identification:_identify(maze_robot/src/log) by extensions ['ignore', 'ignore_ament_install']
[0.355s] Level 1:colcon.colcon_core.package_identification:_identify(maze_robot/src/log) by extension 'ignore'
[0.355s] Level 1:colcon.colcon_core.package_identification:_identify(maze_robot/src/log) ignored
[0.355s] Level 1:colcon.colcon_core.package_identification:_identify(maze_robot/src/maze_ros2_gz) by extensions ['ignore', 'ignore_ament_install']
[0.355s] Level 1:colcon.colcon_core.package_identification:_identify(maze_robot/src/maze_ros2_gz) by extension 'ignore'
[0.356s] Level 1:colcon.colcon_core.package_identification:_identify(maze_robot/src/maze_ros2_gz) by extension 'ignore_ament_install'
[0.356s] Level 1:colcon.colcon_core.package_identification:_identify(maze_robot/src/maze_ros2_gz) by extensions ['colcon_pkg']
[0.356s] Level 1:colcon.colcon_core.package_identification:_identify(maze_robot/src/maze_ros2_gz) by extension 'colcon_pkg'
[0.356s] Level 1:colcon.colcon_core.package_identification:_identify(maze_robot/src/maze_ros2_gz) by extensions ['colcon_meta']
[0.356s] Level 1:colcon.colcon_core.package_identification:_identify(maze_robot/src/maze_ros2_gz) by extension 'colcon_meta'
[0.356s] Level 1:colcon.colcon_core.package_identification:_identify(maze_robot/src/maze_ros2_gz) by extensions ['ros']
[0.356s] Level 1:colcon.colcon_core.package_identification:_identify(maze_robot/src/maze_ros2_gz) by extension 'ros'
[0.358s] DEBUG:colcon.colcon_core.package_identification:Package 'maze_robot/src/maze_ros2_gz' with type 'ros.ament_python' and name 'maze_ros2_gz'
[0.358s] Level 1:colcon.colcon_core.package_discovery:discover_packages(recursive) using defaults
[0.358s] Level 1:colcon.colcon_core.package_discovery:discover_packages(ignore) discover
[0.358s] Level 1:colcon.colcon_core.package_discovery:discover_packages(ignore) using defaults
[0.358s] Level 1:colcon.colcon_core.package_discovery:discover_packages(path) discover
[0.358s] Level 1:colcon.colcon_core.package_discovery:discover_packages(path) using defaults
[0.377s] Level 1:colcon.colcon_core.package_discovery:discover_packages(prefix_path) check parameters
[0.377s] Level 1:colcon.colcon_core.package_discovery:discover_packages(prefix_path) discover
[0.378s] WARNING:colcon.colcon_core.prefix_path.colcon:The path '/home/zaynap/maze_robot/install' in the environment variable COLCON_PREFIX_PATH doesn't exist
[0.379s] DEBUG:colcon.colcon_installed_package_information.package_discovery:Found 1 installed packages in /home/zaynap/maze_with_car-model/maze_robot/install
[0.379s] DEBUG:colcon.colcon_installed_package_information.package_discovery:Found 1 installed packages in /home/zaynap/maze_with_car-model/maze_robot/src/install
[0.380s] DEBUG:colcon.colcon_installed_package_information.package_discovery:Found 309 installed packages in /opt/ros/humble
[0.382s] Level 1:colcon.colcon_core.package_discovery:discover_packages(prefix_path) using defaults
[0.423s] Level 5:colcon.colcon_core.verb:set package 'maze_ros2_gz' build argument 'cmake_args' from command line to 'None'
[0.423s] Level 5:colcon.colcon_core.verb:set package 'maze_ros2_gz' build argument 'cmake_target' from command line to 'None'
[0.423s] Level 5:colcon.colcon_core.verb:set package 'maze_ros2_gz' build argument 'cmake_target_skip_unavailable' from command line to 'False'
[0.423s] Level 5:colcon.colcon_core.verb:set package 'maze_ros2_gz' build argument 'cmake_clean_cache' from command line to 'False'
[0.423s] Level 5:colcon.colcon_core.verb:set package 'maze_ros2_gz' build argument 'cmake_clean_first' from command line to 'False'
[0.423s] Level 5:colcon.colcon_core.verb:set package 'maze_ros2_gz' build argument 'cmake_force_configure' from command line to 'False'
[0.423s] Level 5:colcon.colcon_core.verb:set package 'maze_ros2_gz' build argument 'ament_cmake_args' from command line to 'None'
[0.423s] Level 5:colcon.colcon_core.verb:set package 'maze_ros2_gz' build argument 'catkin_cmake_args' from command line to 'None'
[0.424s] Level 5:colcon.colcon_core.verb:set package 'maze_ros2_gz' build argument 'catkin_skip_building_tests' from command line to 'False'
[0.424s] DEBUG:colcon.colcon_core.verb:Building package 'maze_ros2_gz' with the following arguments: {'ament_cmake_args': None, 'build_base': '/home/zaynap/maze_with_car-model/build/maze_ros2_gz', 'catkin_cmake_args': None, 'catkin_skip_building_tests': False, 'cmake_args': None, 'cmake_clean_cache': False, 'cmake_clean_first': False, 'cmake_force_configure': False, 'cmake_target': None, 'cmake_target_skip_unavailable': False, 'install_base': '/home/zaynap/maze_with_car-model/install/maze_ros2_gz', 'merge_install': False, 'path': '/home/zaynap/maze_with_car-model/maze_robot/src/maze_ros2_gz', 'symlink_install': False, 'test_result_base': None}
[0.424s] INFO:colcon.colcon_core.executor:Executing jobs using 'parallel' executor
[0.425s] DEBUG:colcon.colcon_parallel_executor.executor.parallel:run_until_complete
[0.425s] INFO:colcon.colcon_ros.task.ament_python.build:Building ROS package in '/home/zaynap/maze_with_car-model/maze_robot/src/maze_ros2_gz' with build type 'ament_python'
[0.425s] Level 1:colcon.colcon_core.shell:create_environment_hook('maze_ros2_gz', 'ament_prefix_path')
[0.427s] INFO:colcon.colcon_core.plugin_system:Skipping extension 'colcon_core.shell.bat': Not used on non-Windows systems
[0.427s] INFO:colcon.colcon_core.shell:Creating environment hook '/home/zaynap/maze_with_car-model/install/maze_ros2_gz/share/maze_ros2_gz/hook/ament_prefix_path.ps1'
[0.428s] INFO:colcon.colcon_core.shell:Creating environment descriptor '/home/zaynap/maze_with_car-model/install/maze_ros2_gz/share/maze_ros2_gz/hook/ament_prefix_path.dsv'
[0.428s] INFO:colcon.colcon_core.shell:Creating environment hook '/home/zaynap/maze_with_car-model/install/maze_ros2_gz/share/maze_ros2_gz/hook/ament_prefix_path.sh'
[0.429s] INFO:colcon.colcon_core.shell:Skip shell extension 'powershell' for command environment: Not usable outside of PowerShell
[0.429s] DEBUG:colcon.colcon_core.shell:Skip shell extension 'dsv' for command environment
[0.750s] INFO:colcon.colcon_core.task.python.build:Building Python package in '/home/zaynap/maze_with_car-model/maze_robot/src/maze_ros2_gz'
[0.751s] INFO:colcon.colcon_core.shell:Skip shell extension 'powershell' for command environment: Not usable outside of PowerShell
[0.751s] DEBUG:colcon.colcon_core.shell:Skip shell extension 'dsv' for command environment
[1.148s] DEBUG:colcon.colcon_core.event_handler.log_command:Invoking command in '/home/zaynap/maze_with_car-model/maze_robot/src/maze_ros2_gz': PYTHONPATH=/home/zaynap/maze_with_car-model/build/maze_ros2_gz/prefix_override:/usr/lib/python3/dist-packages/colcon_core/task/python/colcon_distutils_commands:/home/zaynap/maze_with_car-model/install/maze_ros2_gz/lib/python3.10/site-packages:${PYTHONPATH} /usr/bin/python3 -W ignore:setup.py install is deprecated setup.py egg_info --egg-base ../../../build/maze_ros2_gz build --build-base /home/zaynap/maze_with_car-model/build/maze_ros2_gz/build install --record /home/zaynap/maze_with_car-model/build/maze_ros2_gz/install.log --single-version-externally-managed install_data
[1.480s] DEBUG:colcon.colcon_core.event_handler.log_command:Invoked command in '/home/zaynap/maze_with_car-model/maze_robot/src/maze_ros2_gz' returned '0': PYTHONPATH=/home/zaynap/maze_with_car-model/build/maze_ros2_gz/prefix_override:/usr/lib/python3/dist-packages/colcon_core/task/python/colcon_distutils_commands:/home/zaynap/maze_with_car-model/install/maze_ros2_gz/lib/python3.10/site-packages:${PYTHONPATH} /usr/bin/python3 -W ignore:setup.py install is deprecated setup.py egg_info --egg-base ../../../build/maze_ros2_gz build --build-base /home/zaynap/maze_with_car-model/build/maze_ros2_gz/build install --record /home/zaynap/maze_with_car-model/build/maze_ros2_gz/install.log --single-version-externally-managed install_data
[1.482s] Level 1:colcon.colcon_core.environment:checking '/home/zaynap/maze_with_car-model/install/maze_ros2_gz' for CMake module files
[1.483s] Level 1:colcon.colcon_core.environment:checking '/home/zaynap/maze_with_car-model/install/maze_ros2_gz' for CMake config files
[1.483s] Level 1:colcon.colcon_core.environment:checking '/home/zaynap/maze_with_car-model/install/maze_ros2_gz/lib'
[1.484s] Level 1:colcon.colcon_core.environment:checking '/home/zaynap/maze_with_car-model/install/maze_ros2_gz/bin'
[1.484s] Level 1:colcon.colcon_core.environment:checking '/home/zaynap/maze_with_car-model/install/maze_ros2_gz/lib/pkgconfig/maze_ros2_gz.pc'
[1.484s] Level 1:colcon.colcon_core.environment:checking '/home/zaynap/maze_with_car-model/install/maze_ros2_gz/lib/python3.10/site-packages'
[1.484s] Level 1:colcon.colcon_core.shell:create_environment_hook('maze_ros2_gz', 'pythonpath')
[1.485s] INFO:colcon.colcon_core.shell:Creating environment hook '/home/zaynap/maze_with_car-model/install/maze_ros2_gz/share/maze_ros2_gz/hook/pythonpath.ps1'
[1.485s] INFO:colcon.colcon_core.shell:Creating environment descriptor '/home/zaynap/maze_with_car-model/install/maze_ros2_gz/share/maze_ros2_gz/hook/pythonpath.dsv'
[1.486s] INFO:colcon.colcon_core.shell:Creating environment hook '/home/zaynap/maze_with_car-model/install/maze_ros2_gz/share/maze_ros2_gz/hook/pythonpath.sh'
[1.486s] Level 1:colcon.colcon_core.environment:checking '/home/zaynap/maze_with_car-model/install/maze_ros2_gz/bin'
[1.486s] Level 1:colcon.colcon_core.environment:create_environment_scripts_only(maze_ros2_gz)
[1.487s] INFO:colcon.colcon_core.shell:Creating package script '/home/zaynap/maze_with_car-model/install/maze_ros2_gz/share/maze_ros2_gz/package.ps1'
[1.488s] INFO:colcon.colcon_core.shell:Creating package descriptor '/home/zaynap/maze_with_car-model/install/maze_ros2_gz/share/maze_ros2_gz/package.dsv'
[1.488s] INFO:colcon.colcon_core.shell:Creating package script '/home/zaynap/maze_with_car-model/install/maze_ros2_gz/share/maze_ros2_gz/package.sh'
[1.489s] INFO:colcon.colcon_core.shell:Creating package script '/home/zaynap/maze_with_car-model/install/maze_ros2_gz/share/maze_ros2_gz/package.bash'
[1.490s] INFO:colcon.colcon_core.shell:Creating package script '/home/zaynap/maze_with_car-model/install/maze_ros2_gz/share/maze_ros2_gz/package.zsh'
[1.490s] Level 1:colcon.colcon_core.environment:create_file_with_runtime_dependencies(/home/zaynap/maze_with_car-model/install/maze_ros2_gz/share/colcon-core/packages/maze_ros2_gz)
[1.491s] DEBUG:colcon.colcon_parallel_executor.executor.parallel:closing loop
[1.491s] DEBUG:colcon.colcon_parallel_executor.executor.parallel:loop closed
[1.491s] DEBUG:colcon.colcon_parallel_executor.executor.parallel:run_until_complete finished with '0'
[1.491s] DEBUG:colcon.colcon_core.event_reactor:joining thread
[1.496s] INFO:colcon.colcon_core.plugin_system:Skipping extension 'colcon_notification.desktop_notification.terminal_notifier': Not used on non-Darwin systems
[1.496s] INFO:colcon.colcon_core.plugin_system:Skipping extension 'colcon_notification.desktop_notification.win32': Not used on non-Windows systems
[1.496s] INFO:colcon.colcon_notification.desktop_notification:Sending desktop notification using 'notify2'
[1.509s] DEBUG:colcon.colcon_core.event_reactor:joined thread
[1.509s] INFO:colcon.colcon_core.shell:Creating prefix script '/home/zaynap/maze_with_car-model/install/local_setup.ps1'
[1.510s] INFO:colcon.colcon_core.shell:Creating prefix util module '/home/zaynap/maze_with_car-model/install/_local_setup_util_ps1.py'
[1.512s] INFO:colcon.colcon_core.shell:Creating prefix chain script '/home/zaynap/maze_with_car-model/install/setup.ps1'
[1.513s] INFO:colcon.colcon_core.shell:Creating prefix script '/home/zaynap/maze_with_car-model/install/local_setup.sh'
[1.514s] INFO:colcon.colcon_core.shell:Creating prefix util module '/home/zaynap/maze_with_car-model/install/_local_setup_util_sh.py'
[1.514s] INFO:colcon.colcon_core.shell:Creating prefix chain script '/home/zaynap/maze_with_car-model/install/setup.sh'
[1.516s] INFO:colcon.colcon_core.shell:Creating prefix script '/home/zaynap/maze_with_car-model/install/local_setup.bash'
[1.516s] INFO:colcon.colcon_core.shell:Creating prefix chain script '/home/zaynap/maze_with_car-model/install/setup.bash'
[1.518s] INFO:colcon.colcon_core.shell:Creating prefix script '/home/zaynap/maze_with_car-model/install/local_setup.zsh'
[1.519s] INFO:colcon.colcon_core.shell:Creating prefix chain script '/home/zaynap/maze_with_car-model/install/setup.zsh'
